<?xml version="1.0" encoding="UTF-8"?>
<testsuite name="PeopleTestClass" tests="1" skipped="0" failures="0" errors="0" timestamp="2017-10-03T11:50:43" hostname="Elliots-MacBook-Pro.local" time="0.002">
  <properties/>
  <testcase name="testName" classname="PeopleTestClass" time="0.002"/>
  <system-out><![CDATA[]]></system-out>
  <system-err><![CDATA[]]></system-err>
</testsuite>
